<?xml version="1.0" encoding="UTF-8"?>
<!-- Generated by org.testng.reporters.JUnitReportReporter -->
<testsuite hostname="LAPTOP-SSV1DC61" failures="0" tests="2" name="TestCases.herokuapp" time="14.954" errors="0" timestamp="2023-07-19T17:48:36 IST" skipped="0">
  <testcase classname="TestCases.herokuapp" name="testBrokenImages" time="9.477"/>
  <system-out/>
  <testcase classname="TestCases.herokuapp" name="uploadingAnyFile" time="5.477"/>
  <system-out/>
</testsuite> <!-- TestCases.herokuapp -->
